#
# There is insufficient memory for the Java Runtime Environment to continue.
# Native memory allocation (malloc) failed to allocate 344 bytes for AllocateHeap
# Possible reasons:
#   The system is out of physical RAM or swap space
#   The process is running with CompressedOops enabled, and the Java Heap may be blocking the growth of the native heap
# Possible solutions:
#   Reduce memory load on the system
#   Increase physical memory or swap space
#   Check if swap backing store is full
#   Decrease Java heap size (-Xmx/-Xms)
#   Decrease number of Java threads
#   Decrease Java thread stack sizes (-Xss)
#   Set larger code cache with -XX:ReservedCodeCacheSize=
#   JVM is running with Zero Based Compressed Oops mode in which the Java heap is
#     placed in the first 32GB address space. The Java Heap base address is the
#     maximum limit for the native heap growth. Please use -XX:HeapBaseMinAddress
#     to set the Java Heap base and to place the Java Heap above 32GB virtual address.
# This output file may be truncated or incomplete.
#
#  Out of Memory Error (allocation.cpp:44), pid=26384, tid=23268
#
# JRE version: Java(TM) SE Runtime Environment (17.0.12+8) (build 17.0.12+8-LTS-286)
# Java VM: Java HotSpot(TM) 64-Bit Server VM (17.0.12+8-LTS-286, mixed mode, sharing, tiered, compressed oops, compressed class ptrs, g1 gc, windows-amd64)
# No core dump will be written. Minidumps are not enabled by default on client versions of Windows
#

---------------  S U M M A R Y ------------

Command Line: -Dapplication.home=C:\Program Files\Java\jdk-17 --add-modules=ALL-DEFAULT -Xms8m -Djdk.module.main=jdk.compiler jdk.compiler/com.sun.tools.javac.Main -d C:\Users\mathi\OneDrive\Documentos\NetBeansProjects\Sistema_ordem_Serviço\build\classes -classpath C:\Users\mathi\OneDrive\Documentos\NetBeansProjects\Sistema_ordem_Serviço\build\classes;C:\Users\mathi\Downloads\mysql-connector-java-5.1.23-bin.jar -sourcepath C:\Users\mathi\OneDrive\Documentos\NetBeansProjects\Sistema_ordem_Serviço\src -target 17 -encoding UTF-8 -g -processorpath C:\Users\mathi\Downloads\mysql-connector-java-5.1.23-bin.jar;C:\Users\mathi\OneDrive\Documentos\NetBeansProjects\Sistema_ordem_Serviço\build\empty -s C:\Users\mathi\OneDrive\Documentos\NetBeansProjects\Sistema_ordem_Serviço\build\generated-sources\ap-source-output -source 17 C:\Users\mathi\OneDrive\Documentos\NetBeansProjects\Sistema_ordem_Serviço\src\view\JDlgUsuarios.java

Host: AMD Athlon 3000G with Radeon Vega Graphics     , 4 cores, 13G,  Windows 10 , 64 bit Build 19041 (10.0.19041.5678)
Time: Fri Jun  6 00:02:56 2025 Hora Padrão Brasil Central elapsed time: 0.094729 seconds (0d 0h 0m 0s)

---------------  T H R E A D  ---------------

Current thread (0x0000023a10fc3ea0):  JavaThread "main" [_thread_in_vm, id=23268, stack(0x0000006e6f900000,0x0000006e6fa00000)]

Stack: [0x0000006e6f900000,0x0000006e6fa00000]
Native frames: (J=compiled Java code, j=interpreted, Vv=VM code, C=native code)
V  [jvm.dll+0x67a04a]
V  [jvm.dll+0x7da4ed]
V  [jvm.dll+0x7dbe33]
V  [jvm.dll+0x7dc4a3]
V  [jvm.dll+0x24508f]
V  [jvm.dll+0xa5e2b]
V  [jvm.dll+0x683937]
V  [jvm.dll+0x642606]
V  [jvm.dll+0x40ff96]
C  0x0000023a1fdcd5d6

Java frames: (J=compiled Java code, j=interpreted, Vv=VM code)
j  java.lang.Module.addExports0(Ljava/lang/Module;Ljava/lang/String;Ljava/lang/Module;)V+0 java.base@17.0.12
j  java.lang.Module.initExports(Ljava/lang/Module;Ljava/util/Map;)V+122 java.base@17.0.12
j  java.lang.Module.defineModules(Ljava/lang/module/Configuration;Ljava/util/function/Function;Ljava/lang/ModuleLayer;)Ljava/util/Map;+637 java.base@17.0.12
j  java.lang.ModuleLayer.<init>(Ljava/lang/module/Configuration;Ljava/util/List;Ljava/util/function/Function;)V+34 java.base@17.0.12
j  java.lang.ModuleLayer.defineModules(Ljava/lang/module/Configuration;Ljava/util/List;Ljava/util/function/Function;)Ljava/lang/ModuleLayer$Controller;+36 java.base@17.0.12
j  java.lang.ModuleLayer.defineModules(Ljava/lang/module/Configuration;Ljava/util/function/Function;)Ljava/lang/ModuleLayer;+6 java.base@17.0.12
j  jdk.internal.module.ModuleBootstrap.boot2()Ljava/lang/ModuleLayer;+1207 java.base@17.0.12
j  jdk.internal.module.ModuleBootstrap.boot()Ljava/lang/ModuleLayer;+64 java.base@17.0.12
j  java.lang.System.initPhase2(ZZ)I+0 java.base@17.0.12
v  ~StubRoutines::call_stub

---------------  P R O C E S S  ---------------

Threads class SMR info:
_java_thread_list=0x0000023a32391030, length=11, elements={
0x0000023a10fc3ea0, 0x0000023a110813a0, 0x0000023a11082130, 0x0000023a11098230,
0x0000023a11099d10, 0x0000023a1109c6f0, 0x0000023a1109cfc0, 0x0000023a1109dc70,
0x0000023a32196350, 0x0000023a321f28e0, 0x0000023a1106a2e0
}

Java Threads: ( => current thread )
=>0x0000023a10fc3ea0 JavaThread "main" [_thread_in_vm, id=23268, stack(0x0000006e6f900000,0x0000006e6fa00000)]
  0x0000023a110813a0 JavaThread "Reference Handler" daemon [_thread_blocked, id=22112, stack(0x0000006e70000000,0x0000006e70100000)]
  0x0000023a11082130 JavaThread "Finalizer" daemon [_thread_blocked, id=25488, stack(0x0000006e70100000,0x0000006e70200000)]
  0x0000023a11098230 JavaThread "Signal Dispatcher" daemon [_thread_blocked, id=26316, stack(0x0000006e70200000,0x0000006e70300000)]
  0x0000023a11099d10 JavaThread "Attach Listener" daemon [_thread_blocked, id=22840, stack(0x0000006e70300000,0x0000006e70400000)]
  0x0000023a1109c6f0 JavaThread "Service Thread" daemon [_thread_blocked, id=25428, stack(0x0000006e70400000,0x0000006e70500000)]
  0x0000023a1109cfc0 JavaThread "Monitor Deflation Thread" daemon [_thread_blocked, id=24364, stack(0x0000006e70500000,0x0000006e70600000)]
  0x0000023a1109dc70 JavaThread "C2 CompilerThread0" daemon [_thread_in_native, id=21556, stack(0x0000006e70600000,0x0000006e70700000)]
  0x0000023a32196350 JavaThread "C1 CompilerThread0" daemon [_thread_blocked, id=26060, stack(0x0000006e70700000,0x0000006e70800000)]
  0x0000023a321f28e0 JavaThread "Sweeper thread" daemon [_thread_blocked, id=23744, stack(0x0000006e70800000,0x0000006e70900000)]
  0x0000023a1106a2e0 JavaThread "Common-Cleaner" daemon [_thread_blocked, id=26468, stack(0x0000006e70900000,0x0000006e70a00000)]

Other Threads:
  0x0000023a11077fa0 VMThread "VM Thread" [stack: 0x0000006e6ff00000,0x0000006e70000000] [id=26536]
  0x0000023a11026590 GCTaskThread "GC Thread#0" [stack: 0x0000006e6fa00000,0x0000006e6fb00000] [id=26268]
  0x0000023a11036310 ConcurrentGCThread "G1 Main Marker" [stack: 0x0000006e6fb00000,0x0000006e6fc00000] [id=26052]
  0x0000023a110393f0 ConcurrentGCThread "G1 Conc#0" [stack: 0x0000006e6fc00000,0x0000006e6fd00000] [id=21352]
  0x0000023a11050200 ConcurrentGCThread "G1 Refine#0" [stack: 0x0000006e6fd00000,0x0000006e6fe00000] [id=25704]
  0x0000023a11050b40 ConcurrentGCThread "G1 Service" [stack: 0x0000006e6fe00000,0x0000006e6ff00000] [id=23872]

Threads with active compile tasks:
C2 CompilerThread0      110  146       4       java.util.HashMap::putVal (300 bytes)

VM state: not at safepoint (normal execution)

VM Mutex/Monitor currently owned by a thread:  ([mutex/lock_event])
[0x0000023a10fbef50] Module_lock - owner thread: 0x0000023a10fc3ea0

Heap address: 0x0000000720e00000, size: 3570 MB, Compressed Oops mode: Zero based, Oop shift amount: 3

CDS archive(s) mapped at: [0x0000023a33000000-0x0000023a33bd0000-0x0000023a33bd0000), size 12386304, SharedBaseAddress: 0x0000023a33000000, ArchiveRelocationMode: 1.
Compressed class space mapped at: 0x0000023a34000000-0x0000023a74000000, reserved size: 1073741824
Narrow klass base: 0x0000023a33000000, Narrow klass shift: 0, Narrow klass range: 0x100000000

GC Precious Log:
 CPUs: 4 total, 4 available
 Memory: 14277M
 Large Page Support: Disabled
 NUMA Support: Disabled
 Compressed Oops: Enabled (Zero based)
 Heap Region Size: 2M
 Heap Min Capacity: 8M
 Heap Initial Capacity: 8M
 Heap Max Capacity: 3570M
 Pre-touch: Disabled
 Parallel Workers: 4
 Concurrent Workers: 1
 Concurrent Refinement Workers: 4
 Periodic GC: Disabled

Heap:
 garbage-first heap   total 8192K, used 0K [0x0000000720e00000, 0x0000000800000000)
  region size 2048K, 1 young (2048K), 0 survivors (0K)
 Metaspace       used 207K, committed 448K, reserved 1114112K
  class space    used 3K, committed 128K, reserved 1048576K

Heap Regions: E=young(eden), S=young(survivor), O=old, HS=humongous(starts), HC=humongous(continues), CS=collection set, F=free, OA=open archive, CA=closed archive, TAMS=top-at-mark-start (previous, next)
|   0|0x0000000720e00000, 0x0000000720e00000, 0x0000000721000000|  0%| F|  |TAMS 0x0000000720e00000, 0x0000000720e00000| Untracked 
|   1|0x0000000721000000, 0x0000000721000000, 0x0000000721200000|  0%| F|  |TAMS 0x0000000721000000, 0x0000000721000000| Untracked 
|   2|0x0000000721200000, 0x0000000721200000, 0x0000000721400000|  0%| F|  |TAMS 0x0000000721200000, 0x0000000721200000| Untracked 
|   3|0x0000000721400000, 0x00000007215314b0, 0x0000000721600000| 59%| E|  |TAMS 0x0000000721400000, 0x0000000721400000| Complete 

Card table byte_map: [0x0000023a27f90000,0x0000023a28690000] _byte_map_base: 0x0000023a24689000

Marking Bits (Prev, Next): (CMBitMap*) 0x0000023a11026ac0, (CMBitMap*) 0x0000023a11026b00
 Prev Bits: [0x0000023a28d90000, 0x0000023a2c558000)
 Next Bits: [0x0000023a2c560000, 0x0000023a2fd28000)

Polling page: 0x0000023a0ee70000

Metaspace:

Usage:
  Non-class:    203.91 KB used.
      Class:      3.89 KB used.
       Both:    207.80 KB used.

Virtual space:
  Non-class space:       64.00 MB reserved,     320.00 KB ( <1%) committed,  1 nodes.
      Class space:        1.00 GB reserved,     128.00 KB ( <1%) committed,  1 nodes.
             Both:        1.06 GB reserved,     448.00 KB ( <1%) committed. 

Chunk freelists:
   Non-Class:  12.00 MB
       Class:  15.75 MB
        Both:  27.75 MB

MaxMetaspaceSize: unlimited
CompressedClassSpaceSize: 1.00 GB
Initial GC threshold: 21.00 MB
Current GC threshold: 21.00 MB
CDS: on
MetaspaceReclaimPolicy: balanced
 - commit_granule_bytes: 65536.
 - commit_granule_words: 8192.
 - virtual_space_node_default_size: 8388608.
 - enlarge_chunks_in_place: 1.
 - new_chunks_are_fully_committed: 0.
 - uncommit_free_chunks: 1.
 - use_allocation_guard: 0.
 - handle_deallocations: 1.


Internal statistics:

num_allocs_failed_limit: 0.
num_arena_births: 4.
num_arena_deaths: 0.
num_vsnodes_births: 2.
num_vsnodes_deaths: 0.
num_space_committed: 7.
num_space_uncommitted: 0.
num_chunks_returned_to_freelist: 0.
num_chunks_taken_from_freelist: 5.
num_chunk_merges: 0.
num_chunk_splits: 3.
num_chunks_enlarged: 1.
num_inconsistent_stats: 0.

CodeHeap 'non-profiled nmethods': size=120000Kb used=46Kb max_used=46Kb free=119953Kb
 bounds [0x0000023a20360000, 0x0000023a205d0000, 0x0000023a27890000]
CodeHeap 'profiled nmethods': size=120000Kb used=167Kb max_used=167Kb free=119832Kb
 bounds [0x0000023a18890000, 0x0000023a18b00000, 0x0000023a1fdc0000]
CodeHeap 'non-nmethods': size=5760Kb used=1068Kb max_used=1082Kb free=4691Kb
 bounds [0x0000023a1fdc0000, 0x0000023a20030000, 0x0000023a20360000]
 total_blobs=481 nmethods=149 adapters=245
 compilation: enabled
              stopped_count=0, restarted_count=0
 full_count=0

Compilation events (20 events):
Event: 0.089 Thread 0x0000023a32196350 nmethod 139 0x0000023a188b7310 code [0x0000023a188b7580, 0x0000023a188b7e98]
Event: 0.089 Thread 0x0000023a32196350  141       3       java.util.Optional::ofNullable (19 bytes)
Event: 0.089 Thread 0x0000023a32196350 nmethod 141 0x0000023a188b8210 code [0x0000023a188b83c0, 0x0000023a188b8698]
Event: 0.090 Thread 0x0000023a32196350  142       1       java.lang.module.ModuleDescriptor$Version::toString (5 bytes)
Event: 0.090 Thread 0x0000023a32196350 nmethod 142 0x0000023a2036ad90 code [0x0000023a2036af20, 0x0000023a2036aff8]
Event: 0.090 Thread 0x0000023a32196350  143       1       java.lang.module.ResolvedModule::reference (5 bytes)
Event: 0.090 Thread 0x0000023a32196350 nmethod 143 0x0000023a2036b090 code [0x0000023a2036b220, 0x0000023a2036b2f8]
Event: 0.090 Thread 0x0000023a32196350  144       3       java.lang.module.ResolvedModule::name (11 bytes)
Event: 0.090 Thread 0x0000023a32196350 nmethod 144 0x0000023a188b8790 code [0x0000023a188b8920, 0x0000023a188b8a98]
Event: 0.090 Thread 0x0000023a1109dc70  146       4       java.util.HashMap::putVal (300 bytes)
Event: 0.090 Thread 0x0000023a32196350  145       3       java.util.HashSet::<init> (16 bytes)
Event: 0.090 Thread 0x0000023a32196350 nmethod 145 0x0000023a188b8b90 code [0x0000023a188b8d60, 0x0000023a188b9178]
Event: 0.091 Thread 0x0000023a32196350  148       3       java.util.ImmutableCollections$Set12::iterator (9 bytes)
Event: 0.091 Thread 0x0000023a32196350 nmethod 148 0x0000023a188b9310 code [0x0000023a188b94c0, 0x0000023a188b97b8]
Event: 0.091 Thread 0x0000023a32196350  149       3       java.util.ImmutableCollections$Set12$1::<init> (32 bytes)
Event: 0.091 Thread 0x0000023a32196350 nmethod 149 0x0000023a188b9890 code [0x0000023a188b9a40, 0x0000023a188b9c78]
Event: 0.092 Thread 0x0000023a32196350  150       1       java.lang.module.ResolvedModule::configuration (5 bytes)
Event: 0.092 Thread 0x0000023a32196350 nmethod 150 0x0000023a2036b390 code [0x0000023a2036b520, 0x0000023a2036b5f8]
Event: 0.092 Thread 0x0000023a32196350  151       1       java.lang.module.ModuleDescriptor::isOpen (5 bytes)
Event: 0.092 Thread 0x0000023a32196350 nmethod 151 0x0000023a2036b690 code [0x0000023a2036b820, 0x0000023a2036b8f8]

GC Heap History (0 events):
No events

Deoptimization events (0 events):
No events

Classes unloaded (0 events):
No events

Classes redefined (0 events):
No events

Internal exceptions (0 events):
No events

VM Operations (2 events):
Event: 0.076 Executing VM operation: HandshakeAllThreads
Event: 0.076 Executing VM operation: HandshakeAllThreads done

Events (13 events):
Event: 0.008 Loaded shared library C:\Program Files\Java\jdk-17\bin\java.dll
Event: 0.025 Loaded shared library C:\Program Files\Java\jdk-17\bin\jsvml.dll
Event: 0.025 Thread 0x0000023a10fc3ea0 Thread added: 0x0000023a10fc3ea0
Event: 0.028 Thread 0x0000023a110813a0 Thread added: 0x0000023a110813a0
Event: 0.028 Thread 0x0000023a11082130 Thread added: 0x0000023a11082130
Event: 0.038 Thread 0x0000023a11098230 Thread added: 0x0000023a11098230
Event: 0.038 Thread 0x0000023a11099d10 Thread added: 0x0000023a11099d10
Event: 0.038 Thread 0x0000023a1109c6f0 Thread added: 0x0000023a1109c6f0
Event: 0.038 Thread 0x0000023a1109cfc0 Thread added: 0x0000023a1109cfc0
Event: 0.038 Thread 0x0000023a1109dc70 Thread added: 0x0000023a1109dc70
Event: 0.038 Thread 0x0000023a32196350 Thread added: 0x0000023a32196350
Event: 0.039 Thread 0x0000023a321f28e0 Thread added: 0x0000023a321f28e0
Event: 0.064 Thread 0x0000023a1106a2e0 Thread added: 0x0000023a1106a2e0


Dynamic libraries:
0x00007ff7d1430000 - 0x00007ff7d1438000 	C:\Program Files\Java\jdk-17\bin\javac.exe
0x00007ff92f330000 - 0x00007ff92f528000 	C:\WINDOWS\SYSTEM32\ntdll.dll
0x00007ff92dfb0000 - 0x00007ff92e072000 	C:\WINDOWS\System32\KERNEL32.DLL
0x00007ff92cb90000 - 0x00007ff92ce86000 	C:\WINDOWS\System32\KERNELBASE.dll
0x00007ff92ce90000 - 0x00007ff92cf90000 	C:\WINDOWS\System32\ucrtbase.dll
0x00007ff9257a0000 - 0x00007ff9257bb000 	C:\Program Files\Java\jdk-17\bin\VCRUNTIME140.dll
0x00007ff919dc0000 - 0x00007ff919dd9000 	C:\Program Files\Java\jdk-17\bin\jli.dll
0x00007ff92f1d0000 - 0x00007ff92f27f000 	C:\WINDOWS\System32\ADVAPI32.dll
0x00007ff92e080000 - 0x00007ff92e11e000 	C:\WINDOWS\System32\msvcrt.dll
0x00007ff92e120000 - 0x00007ff92e1bf000 	C:\WINDOWS\System32\sechost.dll
0x00007ff92e1c0000 - 0x00007ff92e2e3000 	C:\WINDOWS\System32\RPCRT4.dll
0x00007ff92d070000 - 0x00007ff92d097000 	C:\WINDOWS\System32\bcrypt.dll
0x00007ff92efc0000 - 0x00007ff92f15d000 	C:\WINDOWS\System32\USER32.dll
0x00007ff92d200000 - 0x00007ff92d222000 	C:\WINDOWS\System32\win32u.dll
0x00007ff91a3a0000 - 0x00007ff91a63a000 	C:\WINDOWS\WinSxS\amd64_microsoft.windows.common-controls_6595b64144ccf1df_6.0.19041.4355_none_60b8b9eb71f62e16\COMCTL32.dll
0x00007ff92d700000 - 0x00007ff92d72b000 	C:\WINDOWS\System32\GDI32.dll
0x00007ff92d230000 - 0x00007ff92d34a000 	C:\WINDOWS\System32\gdi32full.dll
0x00007ff92caf0000 - 0x00007ff92cb8d000 	C:\WINDOWS\System32\msvcp_win.dll
0x00007ff924880000 - 0x00007ff92488a000 	C:\WINDOWS\SYSTEM32\VERSION.dll
0x00007ff92d3d0000 - 0x00007ff92d3ff000 	C:\WINDOWS\System32\IMM32.DLL
0x00007ff928300000 - 0x00007ff92830c000 	C:\Program Files\Java\jdk-17\bin\vcruntime140_1.dll
0x00007ff900cc0000 - 0x00007ff900d4e000 	C:\Program Files\Java\jdk-17\bin\msvcp140.dll
0x00007ff900ef0000 - 0x00007ff901ad0000 	C:\Program Files\Java\jdk-17\bin\server\jvm.dll
0x00007ff92f160000 - 0x00007ff92f168000 	C:\WINDOWS\System32\PSAPI.DLL
0x00007ff91fe50000 - 0x00007ff91fe77000 	C:\WINDOWS\SYSTEM32\WINMM.dll
0x00007ff9111e0000 - 0x00007ff9111e9000 	C:\WINDOWS\SYSTEM32\WSOCK32.dll
0x00007ff92e730000 - 0x00007ff92e79b000 	C:\WINDOWS\System32\WS2_32.dll
0x00007ff92b1f0000 - 0x00007ff92b202000 	C:\WINDOWS\SYSTEM32\kernel.appcore.dll
0x00007ff925700000 - 0x00007ff92570a000 	C:\Program Files\Java\jdk-17\bin\jimage.dll
0x00007ff92a460000 - 0x00007ff92a644000 	C:\WINDOWS\SYSTEM32\DBGHELP.DLL
0x00007ff9186e0000 - 0x00007ff918714000 	C:\WINDOWS\SYSTEM32\dbgcore.DLL
0x00007ff92cf90000 - 0x00007ff92d012000 	C:\WINDOWS\System32\bcryptPrimitives.dll
0x00007ff925770000 - 0x00007ff925795000 	C:\Program Files\Java\jdk-17\bin\java.dll
0x00007ff9020e0000 - 0x00007ff9021b7000 	C:\Program Files\Java\jdk-17\bin\jsvml.dll
0x00007ff92d840000 - 0x00007ff92dfaf000 	C:\WINDOWS\System32\SHELL32.dll
0x00007ff92aa40000 - 0x00007ff92b1e3000 	C:\WINDOWS\SYSTEM32\windows.storage.dll
0x00007ff92e3d0000 - 0x00007ff92e725000 	C:\WINDOWS\System32\combase.dll
0x00007ff92c320000 - 0x00007ff92c34b000 	C:\WINDOWS\SYSTEM32\Wldp.dll
0x00007ff92d400000 - 0x00007ff92d4cd000 	C:\WINDOWS\System32\OLEAUT32.dll
0x00007ff92e7a0000 - 0x00007ff92e84d000 	C:\WINDOWS\System32\SHCORE.dll
0x00007ff92f170000 - 0x00007ff92f1c5000 	C:\WINDOWS\System32\shlwapi.dll
0x00007ff92c8f0000 - 0x00007ff92c915000 	C:\WINDOWS\SYSTEM32\profapi.dll

dbghelp: loaded successfully - version: 4.0.5 - missing functions: none
symbol engine: initialized successfully - sym options: 0x614 - pdb path: .;C:\Program Files\Java\jdk-17\bin;C:\WINDOWS\SYSTEM32;C:\WINDOWS\WinSxS\amd64_microsoft.windows.common-controls_6595b64144ccf1df_6.0.19041.4355_none_60b8b9eb71f62e16;C:\Program Files\Java\jdk-17\bin\server

VM Arguments:
jvm_args: -Dapplication.home=C:\Program Files\Java\jdk-17 --add-modules=ALL-DEFAULT -Xms8m -Djdk.module.main=jdk.compiler 
java_command: jdk.compiler/com.sun.tools.javac.Main -d C:\Users\mathi\OneDrive\Documentos\NetBeansProjects\Sistema_ordem_Serviço\build\classes -classpath C:\Users\mathi\OneDrive\Documentos\NetBeansProjects\Sistema_ordem_Serviço\build\classes;C:\Users\mathi\Downloads\mysql-connector-java-5.1.23-bin.jar -sourcepath C:\Users\mathi\OneDrive\Documentos\NetBeansProjects\Sistema_ordem_Serviço\src -target 17 -encoding UTF-8 -g -processorpath C:\Users\mathi\Downloads\mysql-connector-java-5.1.23-bin.jar;C:\Users\mathi\OneDrive\Documentos\NetBeansProjects\Sistema_ordem_Serviço\build\empty -s C:\Users\mathi\OneDrive\Documentos\NetBeansProjects\Sistema_ordem_Serviço\build\generated-sources\ap-source-output -source 17 C:\Users\mathi\OneDrive\Documentos\NetBeansProjects\Sistema_ordem_Serviço\src\view\JDlgUsuarios.java
java_class_path (initial): <not set>
Launcher Type: SUN_STANDARD

[Global flags]
     intx CICompilerCount                          = 3                                         {product} {ergonomic}
     uint ConcGCThreads                            = 1                                         {product} {ergonomic}
     uint G1ConcRefinementThreads                  = 4                                         {product} {ergonomic}
   size_t G1HeapRegionSize                         = 2097152                                   {product} {ergonomic}
    uintx GCDrainStackTargetSize                   = 64                                        {product} {ergonomic}
   size_t InitialHeapSize                          = 8388608                                   {product} {command line}
   size_t MarkStackSize                            = 4194304                                   {product} {ergonomic}
   size_t MaxHeapSize                              = 3743416320                                {product} {ergonomic}
   size_t MaxNewSize                               = 2246049792                                {product} {ergonomic}
   size_t MinHeapDeltaBytes                        = 2097152                                   {product} {ergonomic}
   size_t MinHeapSize                              = 8388608                                   {product} {command line}
    uintx NonNMethodCodeHeapSize                   = 5832780                                {pd product} {ergonomic}
    uintx NonProfiledCodeHeapSize                  = 122912730                              {pd product} {ergonomic}
    uintx ProfiledCodeHeapSize                     = 122912730                              {pd product} {ergonomic}
    uintx ReservedCodeCacheSize                    = 251658240                              {pd product} {ergonomic}
     bool SegmentedCodeCache                       = true                                      {product} {ergonomic}
   size_t SoftMaxHeapSize                          = 3743416320                             {manageable} {ergonomic}
     bool UseCompressedClassPointers               = true                           {product lp64_product} {ergonomic}
     bool UseCompressedOops                        = true                           {product lp64_product} {ergonomic}
     bool UseG1GC                                  = true                                      {product} {ergonomic}
     bool UseLargePagesIndividualAllocation        = false                                  {pd product} {ergonomic}

Logging:
Log output configuration:
 #0: stdout all=warning uptime,level,tags
 #1: stderr all=off uptime,level,tags

Environment Variables:
JAVA_HOME=C:\Program Files\Java\jdk-17
PATH=C:\Program Files\Common Files\Oracle\Java\javapath;C:\Program Files\Eclipse Adoptium\jdk-21.0.6.7-hotspot\bin;C:\WINDOWS\system32;C:\WINDOWS;C:\WINDOWS\System32\Wbem;C:\WINDOWS\System32\WindowsPowerShell\v1.0\;C:\Program Files\Java\jdk-17\bin;C:\Gradle\gradle-8.13\bin;C:\androidd\sdk\build-tools;C:\androidd\sdk\platform-tools;C:\Program Files\Git\cmd;C:\ngrok;C:\Program Files\nodejs\;C:\Program Files\MySQL\MySQL Shell 8.0\bin\;C:\Users\mathi\AppData\Local\Microsoft\WindowsApps;C:\Users\mathi\AppData\Local\Programs\Microsoft VS Code\bin;C:\Program Files\heroku\bin;C:\Users\mathi\AppData\Roaming\npm
USERNAME=mathi
OS=Windows_NT
PROCESSOR_IDENTIFIER=AMD64 Family 23 Model 24 Stepping 1, AuthenticAMD



---------------  S Y S T E M  ---------------

OS:
 Windows 10 , 64 bit Build 19041 (10.0.19041.5678)
OS uptime: 0 days 6:55 hours

CPU: total 4 (initial active 4) (4 cores per cpu, 2 threads per core) family 23 model 24 stepping 1 microcode 0x0, cx8, cmov, fxsr, ht, mmx, 3dnowpref, sse, sse2, sse3, ssse3, sse4a, sse4.1, sse4.2, popcnt, lzcnt, tsc, tscinvbit, avx, avx2, aes, clmul, bmi1, bmi2, adx, sha, fma, vzeroupper, clflush, clflushopt

Memory: 4k page, system-wide physical 14277M (2256M free)
TotalPageFile size 35240M (AvailPageFile size 0M)
current process WorkingSet (physical memory assigned to process): 32M, peak: 32M
current process commit charge ("private bytes"): 76M, peak: 76M

vm_info: Java HotSpot(TM) 64-Bit Server VM (17.0.12+8-LTS-286) for windows-amd64 JRE (17.0.12+8-LTS-286), built on Jun  5 2024 06:46:59 by "mach5one" with MS VC++ 17.6 (VS2022)

END.
