#
# There is insufficient memory for the Java Runtime Environment to continue.
# Native memory allocation (malloc) failed to allocate 1048576 bytes for AllocateHeap
# Possible reasons:
#   The system is out of physical RAM or swap space
#   The process is running with CompressedOops enabled, and the Java Heap may be blocking the growth of the native heap
# Possible solutions:
#   Reduce memory load on the system
#   Increase physical memory or swap space
#   Check if swap backing store is full
#   Decrease Java heap size (-Xmx/-Xms)
#   Decrease number of Java threads
#   Decrease Java thread stack sizes (-Xss)
#   Set larger code cache with -XX:ReservedCodeCacheSize=
#   JVM is running with Zero Based Compressed Oops mode in which the Java heap is
#     placed in the first 32GB address space. The Java Heap base address is the
#     maximum limit for the native heap growth. Please use -XX:HeapBaseMinAddress
#     to set the Java Heap base and to place the Java Heap above 32GB virtual address.
# This output file may be truncated or incomplete.
#
#  Out of Memory Error (allocation.cpp:44), pid=25552, tid=24112
#
# JRE version:  (17.0.12+8) (build )
# Java VM: Java HotSpot(TM) 64-Bit Server VM (17.0.12+8-LTS-286, mixed mode, sharing, tiered, compressed oops, compressed class ptrs, g1 gc, windows-amd64)
# No core dump will be written. Minidumps are not enabled by default on client versions of Windows
#

---------------  S U M M A R Y ------------

Command Line: -Dapplication.home=C:\Program Files\Java\jdk-17 --add-modules=ALL-DEFAULT -Xms8m -Djdk.module.main=jdk.compiler jdk.compiler/com.sun.tools.javac.Main -d C:\Users\mathi\OneDrive\Documentos\NetBeansProjects\Sistema_ordem_Serviço\build\classes -classpath C:\Users\mathi\OneDrive\Documentos\NetBeansProjects\Sistema_ordem_Serviço\build\classes;C:\Users\mathi\Downloads\mysql-connector-java-5.1.23-bin.jar -sourcepath C:\Users\mathi\OneDrive\Documentos\NetBeansProjects\Sistema_ordem_Serviço\src -target 17 -encoding UTF-8 -g -processorpath C:\Users\mathi\Downloads\mysql-connector-java-5.1.23-bin.jar;C:\Users\mathi\OneDrive\Documentos\NetBeansProjects\Sistema_ordem_Serviço\build\empty -s C:\Users\mathi\OneDrive\Documentos\NetBeansProjects\Sistema_ordem_Serviço\build\generated-sources\ap-source-output -source 17 C:\Users\mathi\OneDrive\Documentos\NetBeansProjects\Sistema_ordem_Serviço\src\view\JDlgUsuarios.java

Host: AMD Athlon 3000G with Radeon Vega Graphics     , 4 cores, 13G,  Windows 10 , 64 bit Build 19041 (10.0.19041.5678)
Time: Fri Jun  6 00:02:43 2025 Hora Padrão Brasil Central elapsed time: 0.013447 seconds (0d 0h 0m 0s)

---------------  T H R E A D  ---------------

Current thread (0x000001c43c2d9730):  JavaThread "Unknown thread" [_thread_in_vm, id=24112, stack(0x000000a72cd00000,0x000000a72ce00000)]

Stack: [0x000000a72cd00000,0x000000a72ce00000]
Native frames: (J=compiled Java code, j=interpreted, Vv=VM code, C=native code)
V  [jvm.dll+0x67a04a]
V  [jvm.dll+0x7da4ed]
V  [jvm.dll+0x7dbe33]
V  [jvm.dll+0x7dc4a3]
V  [jvm.dll+0x24508f]
V  [jvm.dll+0xa5e2b]
V  [jvm.dll+0x2e22de]
V  [jvm.dll+0x2d9fbb]
V  [jvm.dll+0x7aca21]
V  [jvm.dll+0x367591]
V  [jvm.dll+0x78b999]
V  [jvm.dll+0x3ec83f]
V  [jvm.dll+0x3ee471]
C  [jli.dll+0x5297]
C  [ucrtbase.dll+0x21bb2]
C  [KERNEL32.DLL+0x17374]
C  [ntdll.dll+0x4cc91]


---------------  P R O C E S S  ---------------

Threads class SMR info:
_java_thread_list=0x00007ff9019a7a18, length=0, elements={
}

Java Threads: ( => current thread )

Other Threads:
  0x000001c43c3388a0 GCTaskThread "GC Thread#0" [stack: 0x000000a72ce00000,0x000000a72cf00000] [id=22188]

[error occurred during error reporting (printing all threads), id 0xc0000005, EXCEPTION_ACCESS_VIOLATION (0xc0000005) at pc=0x00007ff9011d70e0]

VM state: not at safepoint (not fully initialized)

VM Mutex/Monitor currently owned by a thread:  ([mutex/lock_event])
[0x000001c43c2d7020] Heap_lock - owner thread: 0x000001c43c2d9730

Heap address: 0x0000000720e00000, size: 3570 MB, Compressed Oops mode: Zero based, Oop shift amount: 3

CDS archive(s) mapped at: [0x0000000000000000-0x0000000000000000-0x0000000000000000), size 0, SharedBaseAddress: 0x0000000800000000, ArchiveRelocationMode: 1.
Narrow klass base: 0x0000000000000000, Narrow klass shift: 0, Narrow klass range: 0x0

GC Precious Log:
<Empty>

Heap:
 garbage-first heap   total 0K, used 0K [0x0000000720e00000, 0x0000000800000000)
  region size 2048K, 0 young (0K), 0 survivors (0K)

[error occurred during error reporting (printing heap information), id 0xc0000005, EXCEPTION_ACCESS_VIOLATION (0xc0000005) at pc=0x00007ff9015c3859]

GC Heap History (0 events):
No events

Deoptimization events (0 events):
No events

Classes unloaded (0 events):
No events

Classes redefined (0 events):
No events

Internal exceptions (0 events):
No events

VM Operations (0 events):
No events

Events (1 events):
Event: 0.009 Loaded shared library C:\Program Files\Java\jdk-17\bin\java.dll


Dynamic libraries:
0x00007ff7d1430000 - 0x00007ff7d1438000 	C:\Program Files\Java\jdk-17\bin\javac.exe
0x00007ff92f330000 - 0x00007ff92f528000 	C:\WINDOWS\SYSTEM32\ntdll.dll
0x00007ff92dfb0000 - 0x00007ff92e072000 	C:\WINDOWS\System32\KERNEL32.DLL
0x00007ff92cb90000 - 0x00007ff92ce86000 	C:\WINDOWS\System32\KERNELBASE.dll
0x00007ff92ce90000 - 0x00007ff92cf90000 	C:\WINDOWS\System32\ucrtbase.dll
0x00007ff9257a0000 - 0x00007ff9257bb000 	C:\Program Files\Java\jdk-17\bin\VCRUNTIME140.dll
0x00007ff919dc0000 - 0x00007ff919dd9000 	C:\Program Files\Java\jdk-17\bin\jli.dll
0x00007ff92f1d0000 - 0x00007ff92f27f000 	C:\WINDOWS\System32\ADVAPI32.dll
0x00007ff92e080000 - 0x00007ff92e11e000 	C:\WINDOWS\System32\msvcrt.dll
0x00007ff92e120000 - 0x00007ff92e1bf000 	C:\WINDOWS\System32\sechost.dll
0x00007ff92e1c0000 - 0x00007ff92e2e3000 	C:\WINDOWS\System32\RPCRT4.dll
0x00007ff92d070000 - 0x00007ff92d097000 	C:\WINDOWS\System32\bcrypt.dll
0x00007ff92efc0000 - 0x00007ff92f15d000 	C:\WINDOWS\System32\USER32.dll
0x00007ff92d200000 - 0x00007ff92d222000 	C:\WINDOWS\System32\win32u.dll
0x00007ff92d700000 - 0x00007ff92d72b000 	C:\WINDOWS\System32\GDI32.dll
0x00007ff92d230000 - 0x00007ff92d34a000 	C:\WINDOWS\System32\gdi32full.dll
0x00007ff92caf0000 - 0x00007ff92cb8d000 	C:\WINDOWS\System32\msvcp_win.dll
0x00007ff91a3a0000 - 0x00007ff91a63a000 	C:\WINDOWS\WinSxS\amd64_microsoft.windows.common-controls_6595b64144ccf1df_6.0.19041.4355_none_60b8b9eb71f62e16\COMCTL32.dll
0x00007ff924880000 - 0x00007ff92488a000 	C:\WINDOWS\SYSTEM32\VERSION.dll
0x00007ff92d3d0000 - 0x00007ff92d3ff000 	C:\WINDOWS\System32\IMM32.DLL
0x00007ff928300000 - 0x00007ff92830c000 	C:\Program Files\Java\jdk-17\bin\vcruntime140_1.dll
0x00007ff900cc0000 - 0x00007ff900d4e000 	C:\Program Files\Java\jdk-17\bin\msvcp140.dll
0x00007ff900ef0000 - 0x00007ff901ad0000 	C:\Program Files\Java\jdk-17\bin\server\jvm.dll
0x00007ff92f160000 - 0x00007ff92f168000 	C:\WINDOWS\System32\PSAPI.DLL
0x00007ff9111e0000 - 0x00007ff9111e9000 	C:\WINDOWS\SYSTEM32\WSOCK32.dll
0x00007ff91fe50000 - 0x00007ff91fe77000 	C:\WINDOWS\SYSTEM32\WINMM.dll
0x00007ff92e730000 - 0x00007ff92e79b000 	C:\WINDOWS\System32\WS2_32.dll
0x00007ff92b1f0000 - 0x00007ff92b202000 	C:\WINDOWS\SYSTEM32\kernel.appcore.dll
0x00007ff925700000 - 0x00007ff92570a000 	C:\Program Files\Java\jdk-17\bin\jimage.dll
0x00007ff92a460000 - 0x00007ff92a644000 	C:\WINDOWS\SYSTEM32\DBGHELP.DLL
0x00007ff9186e0000 - 0x00007ff918714000 	C:\WINDOWS\SYSTEM32\dbgcore.DLL
0x00007ff92cf90000 - 0x00007ff92d012000 	C:\WINDOWS\System32\bcryptPrimitives.dll
0x00007ff925770000 - 0x00007ff925795000 	C:\Program Files\Java\jdk-17\bin\java.dll

dbghelp: loaded successfully - version: 4.0.5 - missing functions: none
symbol engine: initialized successfully - sym options: 0x614 - pdb path: .;C:\Program Files\Java\jdk-17\bin;C:\WINDOWS\SYSTEM32;C:\WINDOWS\WinSxS\amd64_microsoft.windows.common-controls_6595b64144ccf1df_6.0.19041.4355_none_60b8b9eb71f62e16;C:\Program Files\Java\jdk-17\bin\server

VM Arguments:
jvm_args: -Dapplication.home=C:\Program Files\Java\jdk-17 --add-modules=ALL-DEFAULT -Xms8m -Djdk.module.main=jdk.compiler 
java_command: jdk.compiler/com.sun.tools.javac.Main -d C:\Users\mathi\OneDrive\Documentos\NetBeansProjects\Sistema_ordem_Serviço\build\classes -classpath C:\Users\mathi\OneDrive\Documentos\NetBeansProjects\Sistema_ordem_Serviço\build\classes;C:\Users\mathi\Downloads\mysql-connector-java-5.1.23-bin.jar -sourcepath C:\Users\mathi\OneDrive\Documentos\NetBeansProjects\Sistema_ordem_Serviço\src -target 17 -encoding UTF-8 -g -processorpath C:\Users\mathi\Downloads\mysql-connector-java-5.1.23-bin.jar;C:\Users\mathi\OneDrive\Documentos\NetBeansProjects\Sistema_ordem_Serviço\build\empty -s C:\Users\mathi\OneDrive\Documentos\NetBeansProjects\Sistema_ordem_Serviço\build\generated-sources\ap-source-output -source 17 C:\Users\mathi\OneDrive\Documentos\NetBeansProjects\Sistema_ordem_Serviço\src\view\JDlgUsuarios.java
java_class_path (initial): <not set>
Launcher Type: SUN_STANDARD

[Global flags]
     intx CICompilerCount                          = 3                                         {product} {ergonomic}
     uint ConcGCThreads                            = 1                                         {product} {ergonomic}
     uint G1ConcRefinementThreads                  = 4                                         {product} {ergonomic}
   size_t G1HeapRegionSize                         = 2097152                                   {product} {ergonomic}
    uintx GCDrainStackTargetSize                   = 64                                        {product} {ergonomic}
   size_t InitialHeapSize                          = 8388608                                   {product} {command line}
   size_t MarkStackSize                            = 4194304                                   {product} {ergonomic}
   size_t MaxHeapSize                              = 3743416320                                {product} {ergonomic}
   size_t MinHeapDeltaBytes                        = 2097152                                   {product} {ergonomic}
   size_t MinHeapSize                              = 8388608                                   {product} {command line}
    uintx NonNMethodCodeHeapSize                   = 5832780                                {pd product} {ergonomic}
    uintx NonProfiledCodeHeapSize                  = 122912730                              {pd product} {ergonomic}
    uintx ProfiledCodeHeapSize                     = 122912730                              {pd product} {ergonomic}
    uintx ReservedCodeCacheSize                    = 251658240                              {pd product} {ergonomic}
     bool SegmentedCodeCache                       = true                                      {product} {ergonomic}
   size_t SoftMaxHeapSize                          = 3743416320                             {manageable} {ergonomic}
     bool UseCompressedClassPointers               = true                           {product lp64_product} {ergonomic}
     bool UseCompressedOops                        = true                           {product lp64_product} {ergonomic}
     bool UseG1GC                                  = true                                      {product} {ergonomic}
     bool UseLargePagesIndividualAllocation        = false                                  {pd product} {ergonomic}

Logging:
Log output configuration:
 #0: stdout all=warning uptime,level,tags
 #1: stderr all=off uptime,level,tags

Environment Variables:
JAVA_HOME=C:\Program Files\Java\jdk-17
PATH=C:\Program Files\Common Files\Oracle\Java\javapath;C:\Program Files\Eclipse Adoptium\jdk-21.0.6.7-hotspot\bin;C:\WINDOWS\system32;C:\WINDOWS;C:\WINDOWS\System32\Wbem;C:\WINDOWS\System32\WindowsPowerShell\v1.0\;C:\Program Files\Java\jdk-17\bin;C:\Gradle\gradle-8.13\bin;C:\androidd\sdk\build-tools;C:\androidd\sdk\platform-tools;C:\Program Files\Git\cmd;C:\ngrok;C:\Program Files\nodejs\;C:\Program Files\MySQL\MySQL Shell 8.0\bin\;C:\Users\mathi\AppData\Local\Microsoft\WindowsApps;C:\Users\mathi\AppData\Local\Programs\Microsoft VS Code\bin;C:\Program Files\heroku\bin;C:\Users\mathi\AppData\Roaming\npm
USERNAME=mathi
OS=Windows_NT
PROCESSOR_IDENTIFIER=AMD64 Family 23 Model 24 Stepping 1, AuthenticAMD



---------------  S Y S T E M  ---------------

OS:
 Windows 10 , 64 bit Build 19041 (10.0.19041.5678)
OS uptime: 0 days 6:55 hours

CPU: total 4 (initial active 4) (4 cores per cpu, 2 threads per core) family 23 model 24 stepping 1 microcode 0x0, cx8, cmov, fxsr, ht, mmx, 3dnowpref, sse, sse2, sse3, ssse3, sse4a, sse4.1, sse4.2, popcnt, lzcnt, tsc, tscinvbit, avx, avx2, aes, clmul, bmi1, bmi2, adx, sha, fma, vzeroupper, clflush, clflushopt

Memory: 4k page, system-wide physical 14277M (2273M free)
TotalPageFile size 35240M (AvailPageFile size 5M)
current process WorkingSet (physical memory assigned to process): 10M, peak: 10M
current process commit charge ("private bytes"): 48M, peak: 49M

vm_info: Java HotSpot(TM) 64-Bit Server VM (17.0.12+8-LTS-286) for windows-amd64 JRE (17.0.12+8-LTS-286), built on Jun  5 2024 06:46:59 by "mach5one" with MS VC++ 17.6 (VS2022)

END.
